Сборка начата 14.05.2017 12:54:49.
     1>Проект "D:\Универ\лабораторки_прога\OOPLab3\OOPLab2\OOPLab2\OOPLab2.vcxproj" в узле 2 (целевые объекты Build).
     1>ClCompile:
         D:\Visual Studio Community\VC\bin\CL.exe /c /ZI /nologo /W3 /WX- /sdl /Od /Oy- /D WIN32 /D _DEBUG /D _CONSOLE /D _UNICODE /D UNICODE /Gm /EHsc /RTC1 /MDd /GS /fp:precise /Zc:wchar_t /Zc:forScope /Zc:inline /Yu"stdafx.h" /Fp"Debug\OOPLab2.pch" /Fo"Debug\\" /Fd"Debug\vc140.pdb" /Gd /TP /analyze- /errorReport:prompt OOPLab2.cpp
         OOPLab2.cpp
     1>d:\универ\лабораторки_прога\ooplab3\ooplab2\ooplab2\ooplab2.cpp(15): warning C4018: <: несоответствие типов со знаком и без знака
     1>d:\универ\лабораторки_прога\ooplab3\ooplab2\ooplab2\ooplab2.cpp(17): warning C4018: <: несоответствие типов со знаком и без знака
     1>d:\универ\лабораторки_прога\ooplab3\ooplab2\ooplab2\ooplab2.cpp(19): warning C4018: <: несоответствие типов со знаком и без знака
     1>d:\универ\лабораторки_прога\ooplab3\ooplab2\ooplab2\ooplab2.cpp(25): warning C4018: <: несоответствие типов со знаком и без знака
     1>d:\универ\лабораторки_прога\ooplab3\ooplab2\ooplab2\ooplab2.cpp(27): warning C4018: <: несоответствие типов со знаком и без знака
     1>d:\универ\лабораторки_прога\ooplab3\ooplab2\ooplab2\ooplab2.cpp(29): warning C4018: <: несоответствие типов со знаком и без знака
     1>d:\универ\лабораторки_прога\ooplab3\ooplab2\ooplab2\ooplab2.cpp(60): warning C4018: <: несоответствие типов со знаком и без знака
     1>d:\универ\лабораторки_прога\ooplab3\ooplab2\ooplab2\linkedlist.h(74): warning C4172: возвращение адреса локальной или временной переменной : tmp
       Link:
         D:\Visual Studio Community\VC\bin\link.exe /ERRORREPORT:PROMPT /OUT:"D:\Универ\лабораторки_прога\OOPLab3\OOPLab2\Debug\OOPLab2.exe" /INCREMENTAL /NOLOGO kernel32.lib user32.lib gdi32.lib winspool.lib comdlg32.lib advapi32.lib shell32.lib ole32.lib oleaut32.lib uuid.lib odbc32.lib odbccp32.lib /MANIFEST /MANIFESTUAC:"level='asInvoker' uiAccess='false'" /manifest:embed /Debug /PDB:"D:\Универ\лабораторки_прога\OOPLab3\OOPLab2\Debug\OOPLab2.pdb" /SUBSYSTEM:CONSOLE /TLBID:1 /DYNAMICBASE /NXCOMPAT /IMPLIB:"D:\Универ\лабораторки_прога\OOPLab3\OOPLab2\Debug\OOPLab2.lib" /MACHINE:X86 Debug\OOPLab2.obj
         Debug\stdafx.obj
         OOPLab2.vcxproj -> D:\Универ\лабораторки_прога\OOPLab3\OOPLab2\Debug\OOPLab2.exe
     1>Сборка проекта "D:\Универ\лабораторки_прога\OOPLab3\OOPLab2\OOPLab2\OOPLab2.vcxproj" завершена (целевые объекты Build).

Сборка успешно завершена.

Затраченное время: 00:00:00.34
